<?xml version="1.0" encoding="UTF-8"?>
<!-- Generated by org.testng.reporters.JUnitReportReporter -->
<testsuite hostname="LAPTOP-274IQSMN" failures="0" tests="1" name="tests.Postman_Scraping" time="63.688" errors="0" timestamp="2022-03-14T10:27:42 EDT" skipped="0">
  <testcase classname="tests.Postman_Scraping" name="tests" time="63.688"/>
  <system-out/>
</testsuite> <!-- tests.Postman_Scraping -->
