<?xml version="1.0" encoding="UTF-8"?>
<!-- Generated by org.testng.reporters.JUnitReportReporter -->
<testsuite hostname="LAPTOP-274IQSMN" failures="0" tests="1" name="indeed.test" time="93.618" errors="0" timestamp="2022-03-09T22:26:20 EST" skipped="0">
  <testcase classname="indeed.test" name="Indeedpage" time="93.618"/>
  <system-out/>
</testsuite> <!-- indeed.test -->
